Grading r21039 by nwang16 committed on Wed Feb 22 13:00:55 CST 2017
Monad Autograder
Testing lab_quacks at 2017-02-27 00:18:54

"I think it's hacky, but maybe it's just good." ~ Sean Massung

Setting up test environment...
Compiling...
================================================================


Running tests...
================================================================
sumDigits_762  . . . [3 pts]  - FAILED: unit_tests.cpp:22: [RecursionExercises::sumDigits(762) => -1] != [15 => 15]
sumDigits_0  . . . . [2 pts]  - FAILED: unit_tests.cpp:27: [RecursionExercises::sumDigits(0) => -1] != [0 => 0]
sumDigits_2  . . . . [2 pts]  - FAILED: unit_tests.cpp:32: [RecursionExercises::sumDigits(2) => -1] != [2 => 2]
sumDigits_1024 . . . [3 pts]  - FAILED: unit_tests.cpp:37: [RecursionExercises::sumDigits(1024) => -1] != [7 => 7]
triangle_0 . . . . . [2 pts]  - FAILED: unit_tests.cpp:46: [RecursionExercises::triangle(0) => -1] != [0 => 0]
triangle_1 . . . . . [2 pts]  - FAILED: unit_tests.cpp:51: [RecursionExercises::triangle(1) => -1] != [1 => 1]
triangle_5 . . . . . [3 pts]  - FAILED: unit_tests.cpp:56: [RecursionExercises::triangle(5) => -1] != [15 => 15]
triangle_10  . . . . [3 pts]  - FAILED: unit_tests.cpp:61: [RecursionExercises::triangle(10) => -1] != [55 => 55]
sum_136  . . . . . . [20 pts] - FAILED: unit_tests.cpp:79: Expected sum = 136; Actual = 0
sum_floats . . . . . [20 pts] - FAILED: unit_tests.cpp:99: Expected sum = 237.6; Actual = 0.000000
scramble_17  . . . . [20 pts] - FAILED: unit_tests.cpp:131: See output below
scramble_10  . . . . [20 pts] - FAILED: unit_tests.cpp:157: See output below
verifySame_result  . [10 pts] - FAILED: unit_tests.cpp:189: Expected false, returned true
verifySame_no_modify [15 pts] - FAILED: unit_tests.cpp:247: Expected false, returned true


Total score...
================================================================
TOTAL SCORE: 0



Detailed test output...
================================================================
----------------------------------------------------------------
sumDigits_762 [3 points]
Result: FAILED: unit_tests.cpp:22: [RecursionExercises::sumDigits(762) => -1] != [15 => 15]
Took 0ms (1000ms timeout)
Output:
----------------------------------------------------------------

----------------------------------------------------------------
sumDigits_0 [2 points]
Result: FAILED: unit_tests.cpp:27: [RecursionExercises::sumDigits(0) => -1] != [0 => 0]
Took 0ms (1000ms timeout)
Output:
----------------------------------------------------------------

----------------------------------------------------------------
sumDigits_2 [2 points]
Result: FAILED: unit_tests.cpp:32: [RecursionExercises::sumDigits(2) => -1] != [2 => 2]
Took 0ms (1000ms timeout)
Output:
----------------------------------------------------------------

----------------------------------------------------------------
sumDigits_1024 [3 points]
Result: FAILED: unit_tests.cpp:37: [RecursionExercises::sumDigits(1024) => -1] != [7 => 7]
Took 0ms (1000ms timeout)
Output:
----------------------------------------------------------------

----------------------------------------------------------------
triangle_0 [2 points]
Result: FAILED: unit_tests.cpp:46: [RecursionExercises::triangle(0) => -1] != [0 => 0]
Took 0ms (1000ms timeout)
Output:
----------------------------------------------------------------

----------------------------------------------------------------
triangle_1 [2 points]
Result: FAILED: unit_tests.cpp:51: [RecursionExercises::triangle(1) => -1] != [1 => 1]
Took 0ms (1000ms timeout)
Output:
----------------------------------------------------------------

----------------------------------------------------------------
triangle_5 [3 points]
Result: FAILED: unit_tests.cpp:56: [RecursionExercises::triangle(5) => -1] != [15 => 15]
Took 0ms (1000ms timeout)
Output:
----------------------------------------------------------------

----------------------------------------------------------------
triangle_10 [3 points]
Result: FAILED: unit_tests.cpp:61: [RecursionExercises::triangle(10) => -1] != [55 => 55]
Took 0ms (1000ms timeout)
Output:
----------------------------------------------------------------

----------------------------------------------------------------
sum_136 [20 points]
Result: FAILED: unit_tests.cpp:79: Expected sum = 136; Actual = 0
Took 0ms (1000ms timeout)
Output:
----------------------------------------------------------------

----------------------------------------------------------------
sum_floats [20 points]
Result: FAILED: unit_tests.cpp:99: Expected sum = 237.6; Actual = 0.000000
Took 0ms (1000ms timeout)
Output:
----------------------------------------------------------------

----------------------------------------------------------------
scramble_17 [20 points]
Result: FAILED: unit_tests.cpp:131: See output below
Took 0ms (1000ms timeout)
Output:
----------------------------------------------------------------
Scrambled queue: 1 2 3 4 5 6 7 8 9 10 11 12 13 14 15 16 17 
Expected:        1 3 2 4 5 6 10 9 8 7 11 12 13 14 15 17 16 

----------------------------------------------------------------
scramble_10 [20 points]
Result: FAILED: unit_tests.cpp:157: See output below
Took 0ms (1000ms timeout)
Output:
----------------------------------------------------------------
Scrambled queue: 5 6 7 8 9 10 11 12 13 14 
Expected:        5 7 6 8 9 10 14 13 12 11 

----------------------------------------------------------------
verifySame_result [10 points]
Result: FAILED: unit_tests.cpp:189: Expected false, returned true
Took 0ms (1000ms timeout)
Output:
----------------------------------------------------------------

----------------------------------------------------------------
verifySame_no_modify [15 points]
Result: FAILED: unit_tests.cpp:247: Expected false, returned true
Took 0ms (1000ms timeout)
Output:
----------------------------------------------------------------


----------------------------------------------------------------
Total score...
================================================================
TOTAL SCORE: 0

